<?xml version="1.0"?><unittest-results tests="5" failedtests="3" failures="6" time="0.001"><test suite="DefaultSuite" name="GameDirectorTest" time="0"/><test suite="DefaultSuite" name="InputTest" time="0"><failure message="e:\temp\_work\project-lotus\opengl_framework\testinput.cpp(18) : Expected 71 but was 17"/></test><test suite="DefaultSuite" name="MoveTest" time="0"><failure message="e:\temp\_work\project-lotus\opengl_framework\testmove.cpp(28) : Expected 71.7 but was 78.7"/><failure message="e:\temp\_work\project-lotus\opengl_framework\testmove.cpp(30) : Expected 7.1 but was 78.8"/><failure message="e:\temp\_work\project-lotus\opengl_framework\testmove.cpp(32) : Expected 17.1 but was 34.2"/></test><test suite="DefaultSuite" name="SceneManagerTest" time="0"><failure message="e:\temp\_work\project-lotus\opengl_framework\testscenemanager.cpp(9) : Expected 0 but was 1"/><failure message="e:\temp\_work\project-lotus\opengl_framework\testscenemanager.cpp(10) : Expected 1 but was 0"/></test><test suite="DefaultSuite" name="TimeControlTest" time="0"/></unittest-results>