<?xml version="1.0"?><unittest-results tests="5" failedtests="1" failures="2" time="0"><test suite="DefaultSuite" name="GameDirectorTest" time="0"/><test suite="DefaultSuite" name="InputTest" time="0"/><test suite="DefaultSuite" name="MoveTest" time="0"/><test suite="DefaultSuite" name="SceneManagerTest" time="0"><failure message="e:\temp\_work\project-lotus\opengl_framework\testscenemanager.cpp(9) : Expected 0 but was 1"/><failure message="e:\temp\_work\project-lotus\opengl_framework\testscenemanager.cpp(10) : Expected 1 but was 0"/></test><test suite="DefaultSuite" name="TimeControlTest" time="0"/></unittest-results>