<?xml version="1.0"?><unittest-results tests="5" failedtests="0" failures="0" time="0.003"><test suite="DefaultSuite" name="GameDirectorTest" time="0"/><test suite="DefaultSuite" name="InputTest" time="0"/><test suite="DefaultSuite" name="MoveTest" time="0.001"/><test suite="DefaultSuite" name="SceneManagerTest" time="0.001"/><test suite="DefaultSuite" name="TimeControlTest" time="0"/></unittest-results>