<?xml version="1.0"?><unittest-results tests="5" failedtests="1" failures="12" time="0.006"><test suite="DefaultSuite" name="GameDirectorTest" time="0"/><test suite="DefaultSuite" name="InputTest" time="0"/><test suite="DefaultSuite" name="MoveTest" time="0.003"><failure message="e:\temp\_work\project-lotus\opengl_framework\testmove.cpp(12) : Expected 71.7 but was 0"/><failure message="e:\temp\_work\project-lotus\opengl_framework\testmove.cpp(14) : Expected 7.1 but was 0"/><failure message="e:\temp\_work\project-lotus\opengl_framework\testmove.cpp(16) : Expected 17.1 but was 0"/><failure message="e:\temp\_work\project-lotus\opengl_framework\testmove.cpp(20) : Expected 7 but was 0"/><failure message="e:\temp\_work\project-lotus\opengl_framework\testmove.cpp(22) : Expected 71.7 but was 0"/><failure message="e:\temp\_work\project-lotus\opengl_framework\testmove.cpp(24) : Expected 17.1 but was 0"/><failure message="e:\temp\_work\project-lotus\opengl_framework\testmove.cpp(28) : Expected 71.7 but was 0"/><failure message="e:\temp\_work\project-lotus\opengl_framework\testmove.cpp(30) : Expected 7.1 but was 0"/><failure message="e:\temp\_work\project-lotus\opengl_framework\testmove.cpp(32) : Expected 17.1 but was 0"/><failure message="e:\temp\_work\project-lotus\opengl_framework\testmove.cpp(36) : Expected 7 but was 0"/><failure message="e:\temp\_work\project-lotus\opengl_framework\testmove.cpp(38) : Expected 71.7 but was 0"/><failure message="e:\temp\_work\project-lotus\opengl_framework\testmove.cpp(40) : Expected 17.1 but was 0"/></test><test suite="DefaultSuite" name="SceneManagerTest" time="0.001"/><test suite="DefaultSuite" name="TimeControlTest" time="0"/></unittest-results>