<?xml version="1.0"?><unittest-results tests="2" failedtests="0" failures="0" time="0"><test suite="DefaultSuite" name="InputTest" time="0"/><test suite="DefaultSuite" name="TimeControlTest" time="0"/></unittest-results>